[2024-07-02T19:32:02.256+0000] {manager.py:483} INFO - Processing files using up to 2 processes at a time 
[2024-07-02T19:32:02.263+0000] {manager.py:484} INFO - Process each file at most once every 30 seconds
[2024-07-02T19:32:02.264+0000] {manager.py:486} INFO - Checking for new files in /opt/airflow/dags every 300 seconds
[2024-07-02T19:32:02.265+0000] {manager.py:726} INFO - Searching for files in /opt/airflow/dags
[2024-07-02T19:32:02.280+0000] {manager.py:729} INFO - There are 1 files in /opt/airflow/dags
[2024-07-02T19:32:02.420+0000] {manager.py:854} INFO - 
================================================================================
DAG File Processing Stats

File Path                               PID  Runtime      # DAGs    # Errors  Last Runtime    Last Run
------------------------------------  -----  ---------  --------  ----------  --------------  ----------
/opt/airflow/dags/hello_world_dag.py    248  0.03s             0           0
================================================================================
[2024-07-02T19:32:32.808+0000] {manager.py:854} INFO - 
================================================================================
DAG File Processing Stats

File Path                               PID  Runtime      # DAGs    # Errors  Last Runtime    Last Run
------------------------------------  -----  ---------  --------  ----------  --------------  -------------------
/opt/airflow/dags/hello_world_dag.py    253  0.03s             1           0  0.29s           2024-07-02T19:32:02
================================================================================
[2024-07-02T19:33:03.211+0000] {manager.py:854} INFO - 
================================================================================
DAG File Processing Stats

File Path                               PID  Runtime      # DAGs    # Errors  Last Runtime    Last Run
------------------------------------  -----  ---------  --------  ----------  --------------  -------------------
/opt/airflow/dags/hello_world_dag.py    258  0.03s             1           0  0.23s           2024-07-02T19:32:33
================================================================================
[2024-07-02T19:33:33.568+0000] {manager.py:854} INFO - 
================================================================================
DAG File Processing Stats

File Path                               PID  Runtime      # DAGs    # Errors  Last Runtime    Last Run
------------------------------------  -----  ---------  --------  ----------  --------------  -------------------
/opt/airflow/dags/hello_world_dag.py    263  0.01s             1           0  0.21s           2024-07-02T19:33:03
================================================================================
[2024-07-02T19:34:03.998+0000] {manager.py:854} INFO - 
================================================================================
DAG File Processing Stats

File Path                               PID  Runtime      # DAGs    # Errors  Last Runtime    Last Run
------------------------------------  -----  ---------  --------  ----------  --------------  -------------------
/opt/airflow/dags/hello_world_dag.py    268  0.03s             1           0  0.14s           2024-07-02T19:33:33
================================================================================
[2024-07-02T19:34:34.424+0000] {manager.py:854} INFO - 
================================================================================
DAG File Processing Stats

File Path                               PID  Runtime      # DAGs    # Errors  Last Runtime    Last Run
------------------------------------  -----  ---------  --------  ----------  --------------  -------------------
/opt/airflow/dags/hello_world_dag.py    273  0.02s             1           0  0.18s           2024-07-02T19:34:04
================================================================================
[2024-07-02T19:35:04.816+0000] {manager.py:854} INFO - 
================================================================================
DAG File Processing Stats

File Path                               PID  Runtime      # DAGs    # Errors  Last Runtime    Last Run
------------------------------------  -----  ---------  --------  ----------  --------------  -------------------
/opt/airflow/dags/hello_world_dag.py    278  0.03s             1           0  0.16s           2024-07-02T19:34:34
================================================================================
[2024-07-02T19:35:35.315+0000] {manager.py:854} INFO - 
================================================================================
DAG File Processing Stats

File Path                               PID  Runtime      # DAGs    # Errors  Last Runtime    Last Run
------------------------------------  -----  ---------  --------  ----------  --------------  -------------------
/opt/airflow/dags/hello_world_dag.py    283  0.00s             1           0  0.20s           2024-07-02T19:35:04
================================================================================
[2024-07-02T19:36:05.834+0000] {manager.py:854} INFO - 
================================================================================
DAG File Processing Stats

File Path                               PID  Runtime      # DAGs    # Errors  Last Runtime    Last Run
------------------------------------  -----  ---------  --------  ----------  --------------  -------------------
/opt/airflow/dags/hello_world_dag.py    288  0.03s             1           0  0.12s           2024-07-02T19:35:35
================================================================================
[2024-07-02T19:36:36.523+0000] {manager.py:854} INFO - 
================================================================================
DAG File Processing Stats

File Path                               PID  Runtime      # DAGs    # Errors  Last Runtime    Last Run
------------------------------------  -----  ---------  --------  ----------  --------------  -------------------
/opt/airflow/dags/hello_world_dag.py    293  0.03s             1           0  0.19s           2024-07-02T19:36:05
================================================================================
[2024-07-02T19:37:02.989+0000] {manager.py:726} INFO - Searching for files in /opt/airflow/dags
[2024-07-02T19:37:03.003+0000] {manager.py:729} INFO - There are 1 files in /opt/airflow/dags
[2024-07-02T19:37:07.119+0000] {manager.py:854} INFO - 
================================================================================
DAG File Processing Stats

File Path                               PID  Runtime      # DAGs    # Errors  Last Runtime    Last Run
------------------------------------  -----  ---------  --------  ----------  --------------  -------------------
/opt/airflow/dags/hello_world_dag.py    298  0.01s             1           0  0.19s           2024-07-02T19:36:36
================================================================================
[2024-07-02T19:37:37.619+0000] {manager.py:854} INFO - 
================================================================================
DAG File Processing Stats

File Path                               PID  Runtime      # DAGs    # Errors  Last Runtime    Last Run
------------------------------------  -----  ---------  --------  ----------  --------------  -------------------
/opt/airflow/dags/hello_world_dag.py    303  0.01s             1           0  0.16s           2024-07-02T19:37:07
================================================================================
[2024-07-02T19:38:08.220+0000] {manager.py:854} INFO - 
================================================================================
DAG File Processing Stats

File Path                               PID  Runtime      # DAGs    # Errors  Last Runtime    Last Run
------------------------------------  -----  ---------  --------  ----------  --------------  -------------------
/opt/airflow/dags/hello_world_dag.py    308  0.01s             1           0  0.17s           2024-07-02T19:37:37
================================================================================
[2024-07-02T19:38:38.668+0000] {manager.py:854} INFO - 
================================================================================
DAG File Processing Stats

File Path                               PID  Runtime      # DAGs    # Errors  Last Runtime    Last Run
------------------------------------  -----  ---------  --------  ----------  --------------  -------------------
/opt/airflow/dags/hello_world_dag.py    313  0.02s             1           0  0.18s           2024-07-02T19:38:08
================================================================================
[2024-07-02T19:39:09.217+0000] {manager.py:854} INFO - 
================================================================================
DAG File Processing Stats

File Path                               PID  Runtime      # DAGs    # Errors  Last Runtime    Last Run
------------------------------------  -----  ---------  --------  ----------  --------------  -------------------
/opt/airflow/dags/hello_world_dag.py    318  0.03s             1           0  0.16s           2024-07-02T19:38:38
================================================================================
[2024-07-02T19:39:39.712+0000] {manager.py:854} INFO - 
================================================================================
DAG File Processing Stats

File Path                               PID  Runtime      # DAGs    # Errors  Last Runtime    Last Run
------------------------------------  -----  ---------  --------  ----------  --------------  -------------------
/opt/airflow/dags/hello_world_dag.py    323  0.02s             1           0  0.21s           2024-07-02T19:39:09
================================================================================
[2024-07-02T19:40:10.332+0000] {manager.py:854} INFO - 
================================================================================
DAG File Processing Stats

File Path                               PID  Runtime      # DAGs    # Errors  Last Runtime    Last Run
------------------------------------  -----  ---------  --------  ----------  --------------  -------------------
/opt/airflow/dags/hello_world_dag.py    328  0.01s             1           0  0.20s           2024-07-02T19:39:39
================================================================================
[2024-07-02T19:40:40.823+0000] {manager.py:854} INFO - 
================================================================================
DAG File Processing Stats

File Path                               PID  Runtime      # DAGs    # Errors  Last Runtime    Last Run
------------------------------------  -----  ---------  --------  ----------  --------------  -------------------
/opt/airflow/dags/hello_world_dag.py    333  0.01s             1           0  0.16s           2024-07-02T19:40:10
================================================================================
[2024-07-02T19:41:11.393+0000] {manager.py:854} INFO - 
================================================================================
DAG File Processing Stats

File Path                               PID  Runtime      # DAGs    # Errors  Last Runtime    Last Run
------------------------------------  -----  ---------  --------  ----------  --------------  -------------------
/opt/airflow/dags/hello_world_dag.py    338  0.04s             1           0  0.19s           2024-07-02T19:40:40
================================================================================
[2024-07-02T19:41:41.925+0000] {manager.py:854} INFO - 
================================================================================
DAG File Processing Stats

File Path                               PID  Runtime      # DAGs    # Errors  Last Runtime    Last Run
------------------------------------  -----  ---------  --------  ----------  --------------  -------------------
/opt/airflow/dags/hello_world_dag.py    343  0.04s             1           0  0.19s           2024-07-02T19:41:11
================================================================================
[2024-07-02T19:42:03.277+0000] {manager.py:726} INFO - Searching for files in /opt/airflow/dags
[2024-07-02T19:42:03.291+0000] {manager.py:729} INFO - There are 1 files in /opt/airflow/dags
[2024-07-02T19:42:12.509+0000] {manager.py:854} INFO - 
================================================================================
DAG File Processing Stats

File Path                               PID  Runtime      # DAGs    # Errors  Last Runtime    Last Run
------------------------------------  -----  ---------  --------  ----------  --------------  -------------------
/opt/airflow/dags/hello_world_dag.py    348  0.07s             1           0  0.20s           2024-07-02T19:41:42
================================================================================
[2024-07-02T19:42:43.052+0000] {manager.py:854} INFO - 
================================================================================
DAG File Processing Stats

File Path                               PID  Runtime      # DAGs    # Errors  Last Runtime    Last Run
------------------------------------  -----  ---------  --------  ----------  --------------  -------------------
/opt/airflow/dags/hello_world_dag.py    353  0.05s             1           0  0.24s           2024-07-02T19:42:12
================================================================================
[2024-07-02T19:43:13.568+0000] {manager.py:854} INFO - 
================================================================================
DAG File Processing Stats

File Path                               PID  Runtime      # DAGs    # Errors  Last Runtime    Last Run
------------------------------------  -----  ---------  --------  ----------  --------------  -------------------
/opt/airflow/dags/hello_world_dag.py    358  0.04s             1           0  0.27s           2024-07-02T19:42:43
================================================================================
[2024-07-02T19:43:44.202+0000] {manager.py:854} INFO - 
================================================================================
DAG File Processing Stats

File Path                               PID  Runtime      # DAGs    # Errors  Last Runtime    Last Run
------------------------------------  -----  ---------  --------  ----------  --------------  -------------------
/opt/airflow/dags/hello_world_dag.py    363  0.07s             1           0  0.21s           2024-07-02T19:43:13
================================================================================
[2024-07-02T19:44:14.786+0000] {manager.py:854} INFO - 
================================================================================
DAG File Processing Stats

File Path                               PID  Runtime      # DAGs    # Errors  Last Runtime    Last Run
------------------------------------  -----  ---------  --------  ----------  --------------  -------------------
/opt/airflow/dags/hello_world_dag.py    368  0.07s             1           0  0.24s           2024-07-02T19:43:44
================================================================================
[2024-07-02T19:44:45.343+0000] {manager.py:854} INFO - 
================================================================================
DAG File Processing Stats

File Path                               PID  Runtime      # DAGs    # Errors  Last Runtime    Last Run
------------------------------------  -----  ---------  --------  ----------  --------------  -------------------
/opt/airflow/dags/hello_world_dag.py    373  0.04s             1           0  0.24s           2024-07-02T19:44:14
================================================================================
[2024-07-02T19:45:15.912+0000] {manager.py:854} INFO - 
================================================================================
DAG File Processing Stats

File Path                               PID  Runtime      # DAGs    # Errors  Last Runtime    Last Run
------------------------------------  -----  ---------  --------  ----------  --------------  -------------------
/opt/airflow/dags/hello_world_dag.py    378  0.04s             1           0  0.20s           2024-07-02T19:44:45
================================================================================
[2024-07-02T19:45:46.420+0000] {manager.py:854} INFO - 
================================================================================
DAG File Processing Stats

File Path                               PID  Runtime      # DAGs    # Errors  Last Runtime    Last Run
------------------------------------  -----  ---------  --------  ----------  --------------  -------------------
/opt/airflow/dags/hello_world_dag.py    383  0.04s             1           0  0.20s           2024-07-02T19:45:16
================================================================================
[2024-07-02T19:46:16.946+0000] {manager.py:854} INFO - 
================================================================================
DAG File Processing Stats

File Path                               PID  Runtime      # DAGs    # Errors  Last Runtime    Last Run
------------------------------------  -----  ---------  --------  ----------  --------------  -------------------
/opt/airflow/dags/hello_world_dag.py    388  0.04s             1           0  0.22s           2024-07-02T19:45:46
================================================================================
[2024-07-02T19:46:47.476+0000] {manager.py:854} INFO - 
================================================================================
DAG File Processing Stats

File Path                               PID  Runtime      # DAGs    # Errors  Last Runtime    Last Run
------------------------------------  -----  ---------  --------  ----------  --------------  -------------------
/opt/airflow/dags/hello_world_dag.py    393  0.03s             1           0  0.21s           2024-07-02T19:46:17
================================================================================
[2024-07-02T19:47:03.886+0000] {manager.py:726} INFO - Searching for files in /opt/airflow/dags
[2024-07-02T19:47:03.900+0000] {manager.py:729} INFO - There are 1 files in /opt/airflow/dags
[2024-07-02T19:47:18.187+0000] {manager.py:854} INFO - 
================================================================================
DAG File Processing Stats

File Path                               PID  Runtime      # DAGs    # Errors  Last Runtime    Last Run
------------------------------------  -----  ---------  --------  ----------  --------------  -------------------
/opt/airflow/dags/hello_world_dag.py    398  0.00s             1           0  0.22s           2024-07-02T19:46:47
================================================================================
[2024-07-02T19:47:48.732+0000] {manager.py:854} INFO - 
================================================================================
DAG File Processing Stats

File Path                               PID  Runtime      # DAGs    # Errors  Last Runtime    Last Run
------------------------------------  -----  ---------  --------  ----------  --------------  -------------------
/opt/airflow/dags/hello_world_dag.py    403  0.02s             1           0  0.12s           2024-07-02T19:47:18
================================================================================
[2024-07-02T19:48:19.346+0000] {manager.py:854} INFO - 
================================================================================
DAG File Processing Stats

File Path                               PID  Runtime      # DAGs    # Errors  Last Runtime    Last Run
------------------------------------  -----  ---------  --------  ----------  --------------  -------------------
/opt/airflow/dags/hello_world_dag.py    408  0.01s             1           0  0.18s           2024-07-02T19:47:48
================================================================================
[2024-07-02T19:48:49.932+0000] {manager.py:854} INFO - 
================================================================================
DAG File Processing Stats

File Path                               PID  Runtime      # DAGs    # Errors  Last Runtime    Last Run
------------------------------------  -----  ---------  --------  ----------  --------------  -------------------
/opt/airflow/dags/hello_world_dag.py    413  0.02s             1           0  0.18s           2024-07-02T19:48:19
================================================================================
[2024-07-02T19:49:20.551+0000] {manager.py:854} INFO - 
================================================================================
DAG File Processing Stats

File Path                               PID  Runtime      # DAGs    # Errors  Last Runtime    Last Run
------------------------------------  -----  ---------  --------  ----------  --------------  -------------------
/opt/airflow/dags/hello_world_dag.py    418  0.01s             1           0  0.15s           2024-07-02T19:48:50
================================================================================
[2024-07-02T19:49:51.104+0000] {manager.py:854} INFO - 
================================================================================
DAG File Processing Stats

File Path                               PID  Runtime      # DAGs    # Errors  Last Runtime    Last Run
------------------------------------  -----  ---------  --------  ----------  --------------  -------------------
/opt/airflow/dags/hello_world_dag.py    423  0.04s             1           0  0.17s           2024-07-02T19:49:20
================================================================================
[2024-07-02T19:50:21.731+0000] {manager.py:854} INFO - 
================================================================================
DAG File Processing Stats

File Path                               PID  Runtime      # DAGs    # Errors  Last Runtime    Last Run
------------------------------------  -----  ---------  --------  ----------  --------------  -------------------
/opt/airflow/dags/hello_world_dag.py    428  0.03s             1           0  0.17s           2024-07-02T19:49:51
================================================================================
[2024-07-02T20:00:08.905+0000] {manager.py:726} INFO - Searching for files in /opt/airflow/dags
[2024-07-02T20:00:08.921+0000] {manager.py:729} INFO - There are 1 files in /opt/airflow/dags
[2024-07-02T20:00:17.113+0000] {manager.py:854} INFO - 
================================================================================
DAG File Processing Stats

File Path                             PID    Runtime      # DAGs    # Errors  Last Runtime    Last Run
------------------------------------  -----  ---------  --------  ----------  --------------  -------------------
/opt/airflow/dags/hello_world_dag.py                           1           0  0.37s           2024-07-02T20:00:09
================================================================================
[2024-07-02T20:09:03.497+0000] {manager.py:726} INFO - Searching for files in /opt/airflow/dags
[2024-07-02T20:09:03.510+0000] {manager.py:729} INFO - There are 1 files in /opt/airflow/dags
[2024-07-02T20:09:12.078+0000] {manager.py:854} INFO - 
================================================================================
DAG File Processing Stats

File Path                             PID    Runtime      # DAGs    # Errors  Last Runtime    Last Run
------------------------------------  -----  ---------  --------  ----------  --------------  -------------------
/opt/airflow/dags/hello_world_dag.py                           1           0  0.41s           2024-07-02T20:09:03
================================================================================
[2024-07-02T20:09:42.795+0000] {manager.py:854} INFO - 
================================================================================
DAG File Processing Stats

File Path                             PID    Runtime      # DAGs    # Errors  Last Runtime    Last Run
------------------------------------  -----  ---------  --------  ----------  --------------  -------------------
/opt/airflow/dags/hello_world_dag.py                           1           0  0.25s           2024-07-02T20:09:34
================================================================================
[2024-07-02T20:11:15.809+0000] {manager.py:854} INFO - 
================================================================================
DAG File Processing Stats

File Path                             PID    Runtime      # DAGs    # Errors  Last Runtime    Last Run
------------------------------------  -----  ---------  --------  ----------  --------------  -------------------
/opt/airflow/dags/hello_world_dag.py                           1           0  0.46s           2024-07-02T20:11:06
================================================================================
[2024-07-02T20:11:45.819+0000] {manager.py:854} INFO - 
================================================================================
DAG File Processing Stats

File Path                             PID    Runtime      # DAGs    # Errors  Last Runtime    Last Run
------------------------------------  -----  ---------  --------  ----------  --------------  -------------------
/opt/airflow/dags/hello_world_dag.py                           1           0  0.24s           2024-07-02T20:11:36
================================================================================
[2024-07-02T20:12:16.457+0000] {manager.py:854} INFO - 
================================================================================
DAG File Processing Stats

File Path                             PID    Runtime      # DAGs    # Errors  Last Runtime    Last Run
------------------------------------  -----  ---------  --------  ----------  --------------  -------------------
/opt/airflow/dags/hello_world_dag.py                           1           0  0.28s           2024-07-02T20:12:07
================================================================================
[2024-07-02T20:12:46.949+0000] {manager.py:854} INFO - 
================================================================================
DAG File Processing Stats

File Path                             PID    Runtime      # DAGs    # Errors  Last Runtime    Last Run
------------------------------------  -----  ---------  --------  ----------  --------------  -------------------
/opt/airflow/dags/hello_world_dag.py                           1           0  0.23s           2024-07-02T20:12:37
================================================================================
[2024-07-02T20:13:17.539+0000] {manager.py:854} INFO - 
================================================================================
DAG File Processing Stats

File Path                             PID    Runtime      # DAGs    # Errors  Last Runtime    Last Run
------------------------------------  -----  ---------  --------  ----------  --------------  -------------------
/opt/airflow/dags/hello_world_dag.py                           1           0  0.27s           2024-07-02T20:13:08
================================================================================
[2024-07-02T20:13:48.086+0000] {manager.py:854} INFO - 
================================================================================
DAG File Processing Stats

File Path                             PID    Runtime      # DAGs    # Errors  Last Runtime    Last Run
------------------------------------  -----  ---------  --------  ----------  --------------  -------------------
/opt/airflow/dags/hello_world_dag.py                           1           0  0.23s           2024-07-02T20:13:39
================================================================================
[2024-07-02T20:14:04.350+0000] {manager.py:726} INFO - Searching for files in /opt/airflow/dags
[2024-07-02T20:14:04.365+0000] {manager.py:729} INFO - There are 1 files in /opt/airflow/dags
[2024-07-02T20:14:18.626+0000] {manager.py:854} INFO - 
================================================================================
DAG File Processing Stats

File Path                             PID    Runtime      # DAGs    # Errors  Last Runtime    Last Run
------------------------------------  -----  ---------  --------  ----------  --------------  -------------------
/opt/airflow/dags/hello_world_dag.py                           1           0  0.21s           2024-07-02T20:14:09
================================================================================
[2024-07-02T20:14:49.185+0000] {manager.py:854} INFO - 
================================================================================
DAG File Processing Stats

File Path                             PID    Runtime      # DAGs    # Errors  Last Runtime    Last Run
------------------------------------  -----  ---------  --------  ----------  --------------  -------------------
/opt/airflow/dags/hello_world_dag.py                           1           0  0.23s           2024-07-02T20:14:40
================================================================================
[2024-07-02T20:15:19.707+0000] {manager.py:854} INFO - 
================================================================================
DAG File Processing Stats

File Path                             PID    Runtime      # DAGs    # Errors  Last Runtime    Last Run
------------------------------------  -----  ---------  --------  ----------  --------------  -------------------
/opt/airflow/dags/hello_world_dag.py                           1           0  0.20s           2024-07-02T20:15:10
================================================================================
[2024-07-02T20:15:50.250+0000] {manager.py:854} INFO - 
================================================================================
DAG File Processing Stats

File Path                             PID    Runtime      # DAGs    # Errors  Last Runtime    Last Run
------------------------------------  -----  ---------  --------  ----------  --------------  -------------------
/opt/airflow/dags/hello_world_dag.py                           1           0  0.21s           2024-07-02T20:15:41
================================================================================
[2024-07-02T20:16:20.701+0000] {manager.py:854} INFO - 
================================================================================
DAG File Processing Stats

File Path                             PID    Runtime      # DAGs    # Errors  Last Runtime    Last Run
------------------------------------  -----  ---------  --------  ----------  --------------  -------------------
/opt/airflow/dags/hello_world_dag.py                           1           0  0.22s           2024-07-02T20:16:11
================================================================================
[2024-07-02T20:16:51.330+0000] {manager.py:854} INFO - 
================================================================================
DAG File Processing Stats

File Path                             PID    Runtime      # DAGs    # Errors  Last Runtime    Last Run
------------------------------------  -----  ---------  --------  ----------  --------------  -------------------
/opt/airflow/dags/hello_world_dag.py                           1           0  0.22s           2024-07-02T20:16:42
================================================================================
[2024-07-02T20:17:21.878+0000] {manager.py:854} INFO - 
================================================================================
DAG File Processing Stats

File Path                             PID    Runtime      # DAGs    # Errors  Last Runtime    Last Run
------------------------------------  -----  ---------  --------  ----------  --------------  -------------------
/opt/airflow/dags/hello_world_dag.py                           1           0  0.28s           2024-07-02T20:17:12
================================================================================
[2024-07-02T20:17:52.519+0000] {manager.py:854} INFO - 
================================================================================
DAG File Processing Stats

File Path                             PID    Runtime      # DAGs    # Errors  Last Runtime    Last Run
------------------------------------  -----  ---------  --------  ----------  --------------  -------------------
/opt/airflow/dags/hello_world_dag.py                           1           0  0.22s           2024-07-02T20:17:43
================================================================================
[2024-07-02T20:18:23.052+0000] {manager.py:854} INFO - 
================================================================================
DAG File Processing Stats

File Path                             PID    Runtime      # DAGs    # Errors  Last Runtime    Last Run
------------------------------------  -----  ---------  --------  ----------  --------------  -------------------
/opt/airflow/dags/hello_world_dag.py                           1           0  0.21s           2024-07-02T20:18:14
================================================================================
[2024-07-02T20:18:53.616+0000] {manager.py:854} INFO - 
================================================================================
DAG File Processing Stats

File Path                             PID    Runtime      # DAGs    # Errors  Last Runtime    Last Run
------------------------------------  -----  ---------  --------  ----------  --------------  -------------------
/opt/airflow/dags/hello_world_dag.py                           1           0  0.22s           2024-07-02T20:18:44
================================================================================
[2024-07-02T20:19:04.774+0000] {manager.py:726} INFO - Searching for files in /opt/airflow/dags
[2024-07-02T20:19:04.783+0000] {manager.py:729} INFO - There are 1 files in /opt/airflow/dags
[2024-07-02T20:19:24.216+0000] {manager.py:854} INFO - 
================================================================================
DAG File Processing Stats

File Path                             PID    Runtime      # DAGs    # Errors  Last Runtime    Last Run
------------------------------------  -----  ---------  --------  ----------  --------------  -------------------
/opt/airflow/dags/hello_world_dag.py                           1           0  0.20s           2024-07-02T20:19:15
================================================================================
[2024-07-02T20:19:54.730+0000] {manager.py:854} INFO - 
================================================================================
DAG File Processing Stats

File Path                             PID    Runtime      # DAGs    # Errors  Last Runtime    Last Run
------------------------------------  -----  ---------  --------  ----------  --------------  -------------------
/opt/airflow/dags/hello_world_dag.py                           1           0  0.29s           2024-07-02T20:19:45
================================================================================
[2024-07-02T20:20:25.303+0000] {manager.py:854} INFO - 
================================================================================
DAG File Processing Stats

File Path                             PID    Runtime      # DAGs    # Errors  Last Runtime    Last Run
------------------------------------  -----  ---------  --------  ----------  --------------  -------------------
/opt/airflow/dags/hello_world_dag.py                           1           0  0.24s           2024-07-02T20:20:16
================================================================================
[2024-07-02T20:20:55.821+0000] {manager.py:854} INFO - 
================================================================================
DAG File Processing Stats

File Path                             PID    Runtime      # DAGs    # Errors  Last Runtime    Last Run
------------------------------------  -----  ---------  --------  ----------  --------------  -------------------
/opt/airflow/dags/hello_world_dag.py                           1           0  0.24s           2024-07-02T20:20:46
================================================================================
[2024-07-02T20:21:26.401+0000] {manager.py:854} INFO - 
================================================================================
DAG File Processing Stats

File Path                             PID    Runtime      # DAGs    # Errors  Last Runtime    Last Run
------------------------------------  -----  ---------  --------  ----------  --------------  -------------------
/opt/airflow/dags/hello_world_dag.py                           1           0  0.27s           2024-07-02T20:21:17
================================================================================
[2024-07-02T20:21:56.998+0000] {manager.py:854} INFO - 
================================================================================
DAG File Processing Stats

File Path                             PID    Runtime      # DAGs    # Errors  Last Runtime    Last Run
------------------------------------  -----  ---------  --------  ----------  --------------  -------------------
/opt/airflow/dags/hello_world_dag.py                           1           0  0.22s           2024-07-02T20:21:47
================================================================================
[2024-07-02T20:22:27.570+0000] {manager.py:854} INFO - 
================================================================================
DAG File Processing Stats

File Path                             PID    Runtime      # DAGs    # Errors  Last Runtime    Last Run
------------------------------------  -----  ---------  --------  ----------  --------------  -------------------
/opt/airflow/dags/hello_world_dag.py                           1           0  0.21s           2024-07-02T20:22:18
================================================================================
[2024-07-02T20:22:58.038+0000] {manager.py:854} INFO - 
================================================================================
DAG File Processing Stats

File Path                             PID    Runtime      # DAGs    # Errors  Last Runtime    Last Run
------------------------------------  -----  ---------  --------  ----------  --------------  -------------------
/opt/airflow/dags/hello_world_dag.py                           1           0  0.19s           2024-07-02T20:22:49
================================================================================
[2024-07-02T20:23:28.475+0000] {manager.py:854} INFO - 
================================================================================
DAG File Processing Stats

File Path                             PID    Runtime      # DAGs    # Errors  Last Runtime    Last Run
------------------------------------  -----  ---------  --------  ----------  --------------  -------------------
/opt/airflow/dags/hello_world_dag.py                           1           0  0.19s           2024-07-02T20:23:19
================================================================================
[2024-07-02T20:23:59.053+0000] {manager.py:854} INFO - 
================================================================================
DAG File Processing Stats

File Path                             PID    Runtime      # DAGs    # Errors  Last Runtime    Last Run
------------------------------------  -----  ---------  --------  ----------  --------------  -------------------
/opt/airflow/dags/hello_world_dag.py                           1           0  0.21s           2024-07-02T20:23:49
================================================================================
[2024-07-02T20:24:05.147+0000] {manager.py:726} INFO - Searching for files in /opt/airflow/dags
[2024-07-02T20:24:05.164+0000] {manager.py:729} INFO - There are 1 files in /opt/airflow/dags
[2024-07-02T20:24:29.504+0000] {manager.py:854} INFO - 
================================================================================
DAG File Processing Stats

File Path                             PID    Runtime      # DAGs    # Errors  Last Runtime    Last Run
------------------------------------  -----  ---------  --------  ----------  --------------  -------------------
/opt/airflow/dags/hello_world_dag.py                           1           0  0.17s           2024-07-02T20:24:20
================================================================================
[2024-07-02T20:24:59.903+0000] {manager.py:854} INFO - 
================================================================================
DAG File Processing Stats

File Path                             PID    Runtime      # DAGs    # Errors  Last Runtime    Last Run
------------------------------------  -----  ---------  --------  ----------  --------------  -------------------
/opt/airflow/dags/hello_world_dag.py                           1           0  0.17s           2024-07-02T20:24:50
================================================================================
[2024-07-02T20:25:30.538+0000] {manager.py:854} INFO - 
================================================================================
DAG File Processing Stats

File Path                             PID    Runtime      # DAGs    # Errors  Last Runtime    Last Run
------------------------------------  -----  ---------  --------  ----------  --------------  -------------------
/opt/airflow/dags/hello_world_dag.py                           1           0  0.19s           2024-07-02T20:25:21
================================================================================
[2024-07-02T20:26:01.085+0000] {manager.py:854} INFO - 
================================================================================
DAG File Processing Stats

File Path                             PID    Runtime      # DAGs    # Errors  Last Runtime    Last Run
------------------------------------  -----  ---------  --------  ----------  --------------  -------------------
/opt/airflow/dags/hello_world_dag.py                           1           0  0.17s           2024-07-02T20:25:52
================================================================================
[2024-07-02T20:26:31.606+0000] {manager.py:854} INFO - 
================================================================================
DAG File Processing Stats

File Path                             PID    Runtime      # DAGs    # Errors  Last Runtime    Last Run
------------------------------------  -----  ---------  --------  ----------  --------------  -------------------
/opt/airflow/dags/hello_world_dag.py                           1           0  0.21s           2024-07-02T20:26:22
================================================================================
[2024-07-02T20:27:02.231+0000] {manager.py:465} INFO - Exiting gracefully upon receiving signal 15
[2024-07-17T19:00:31.097+0000] {manager.py:483} INFO - Processing files using up to 2 processes at a time 
[2024-07-17T19:00:31.099+0000] {manager.py:484} INFO - Process each file at most once every 30 seconds
[2024-07-17T19:00:31.099+0000] {manager.py:486} INFO - Checking for new files in /opt/airflow/dags every 300 seconds
[2024-07-17T19:00:31.100+0000] {manager.py:726} INFO - Searching for files in /opt/airflow/dags
[2024-07-17T19:00:31.101+0000] {manager.py:729} INFO - There are 1 files in /opt/airflow/dags
[2024-07-17T19:00:31.318+0000] {manager.py:854} INFO - 
================================================================================
DAG File Processing Stats

File Path                               PID  Runtime      # DAGs    # Errors  Last Runtime    Last Run
------------------------------------  -----  ---------  --------  ----------  --------------  ----------
/opt/airflow/dags/hello_world_dag.py    249  0.15s             0           0
================================================================================
[2024-07-17T19:01:01.685+0000] {manager.py:854} INFO - 
================================================================================
DAG File Processing Stats

File Path                               PID  Runtime      # DAGs    # Errors  Last Runtime    Last Run
------------------------------------  -----  ---------  --------  ----------  --------------  -------------------
/opt/airflow/dags/hello_world_dag.py    255  0.01s             1           0  0.29s           2024-07-17T19:00:31
================================================================================
[2024-07-17T19:01:32.087+0000] {manager.py:854} INFO - 
================================================================================
DAG File Processing Stats

File Path                               PID  Runtime      # DAGs    # Errors  Last Runtime    Last Run
------------------------------------  -----  ---------  --------  ----------  --------------  -------------------
/opt/airflow/dags/hello_world_dag.py    260  0.01s             1           0  0.18s           2024-07-17T19:01:01
================================================================================
[2024-07-17T19:02:02.568+0000] {manager.py:854} INFO - 
================================================================================
DAG File Processing Stats

File Path                               PID  Runtime      # DAGs    # Errors  Last Runtime    Last Run
------------------------------------  -----  ---------  --------  ----------  --------------  -------------------
/opt/airflow/dags/hello_world_dag.py    265  0.02s             1           0  0.13s           2024-07-17T19:01:32
================================================================================
[2024-07-17T19:02:33.028+0000] {manager.py:854} INFO - 
================================================================================
DAG File Processing Stats

File Path                               PID  Runtime      # DAGs    # Errors  Last Runtime    Last Run
------------------------------------  -----  ---------  --------  ----------  --------------  -------------------
/opt/airflow/dags/hello_world_dag.py    270  0.01s             1           0  0.35s           2024-07-17T19:02:02
================================================================================
[2024-07-17T19:03:03.370+0000] {manager.py:854} INFO - 
================================================================================
DAG File Processing Stats

File Path                               PID  Runtime      # DAGs    # Errors  Last Runtime    Last Run
------------------------------------  -----  ---------  --------  ----------  --------------  -------------------
/opt/airflow/dags/hello_world_dag.py    275  0.02s             1           0  0.19s           2024-07-17T19:02:33
================================================================================
[2024-07-17T19:03:34.007+0000] {manager.py:854} INFO - 
================================================================================
DAG File Processing Stats

File Path                               PID  Runtime      # DAGs    # Errors  Last Runtime    Last Run
------------------------------------  -----  ---------  --------  ----------  --------------  -------------------
/opt/airflow/dags/hello_world_dag.py    280  0.01s             1           0  0.23s           2024-07-17T19:03:03
================================================================================
[2024-07-17T19:04:04.416+0000] {manager.py:854} INFO - 
================================================================================
DAG File Processing Stats

File Path                               PID  Runtime      # DAGs    # Errors  Last Runtime    Last Run
------------------------------------  -----  ---------  --------  ----------  --------------  -------------------
/opt/airflow/dags/hello_world_dag.py    285  0.01s             1           0  0.15s           2024-07-17T19:03:34
================================================================================
[2024-07-17T19:04:34.875+0000] {manager.py:854} INFO - 
================================================================================
DAG File Processing Stats

File Path                               PID  Runtime      # DAGs    # Errors  Last Runtime    Last Run
------------------------------------  -----  ---------  --------  ----------  --------------  -------------------
/opt/airflow/dags/hello_world_dag.py    290  0.01s             1           0  0.15s           2024-07-17T19:04:04
================================================================================
[2024-07-17T19:05:05.334+0000] {manager.py:854} INFO - 
================================================================================
DAG File Processing Stats

File Path                               PID  Runtime      # DAGs    # Errors  Last Runtime    Last Run
------------------------------------  -----  ---------  --------  ----------  --------------  -------------------
/opt/airflow/dags/hello_world_dag.py    295  0.01s             1           0  0.17s           2024-07-17T19:04:35
================================================================================
[2024-07-17T19:05:31.784+0000] {manager.py:726} INFO - Searching for files in /opt/airflow/dags
[2024-07-17T19:05:31.795+0000] {manager.py:729} INFO - There are 1 files in /opt/airflow/dags
[2024-07-17T19:05:35.889+0000] {manager.py:854} INFO - 
================================================================================
DAG File Processing Stats

File Path                               PID  Runtime      # DAGs    # Errors  Last Runtime    Last Run
------------------------------------  -----  ---------  --------  ----------  --------------  -------------------
/opt/airflow/dags/hello_world_dag.py    300  0.01s             1           0  0.15s           2024-07-17T19:05:05
================================================================================
[2024-07-17T19:06:06.360+0000] {manager.py:854} INFO - 
================================================================================
DAG File Processing Stats

File Path                               PID  Runtime      # DAGs    # Errors  Last Runtime    Last Run
------------------------------------  -----  ---------  --------  ----------  --------------  -------------------
/opt/airflow/dags/hello_world_dag.py    305  0.01s             1           0  0.15s           2024-07-17T19:05:36
================================================================================
[2024-07-17T19:06:36.826+0000] {manager.py:854} INFO - 
================================================================================
DAG File Processing Stats

File Path                               PID  Runtime      # DAGs    # Errors  Last Runtime    Last Run
------------------------------------  -----  ---------  --------  ----------  --------------  -------------------
/opt/airflow/dags/hello_world_dag.py    310  0.01s             1           0  0.15s           2024-07-17T19:06:06
================================================================================
[2024-07-17T19:07:07.529+0000] {manager.py:854} INFO - 
================================================================================
DAG File Processing Stats

File Path                               PID  Runtime      # DAGs    # Errors  Last Runtime    Last Run
------------------------------------  -----  ---------  --------  ----------  --------------  -------------------
/opt/airflow/dags/hello_world_dag.py    315  0.01s             1           0  0.16s           2024-07-17T19:06:36
================================================================================
[2024-07-17T19:09:42.404+0000] {manager.py:854} INFO - 
================================================================================
DAG File Processing Stats

File Path                             PID    Runtime      # DAGs    # Errors  Last Runtime    Last Run
------------------------------------  -----  ---------  --------  ----------  --------------  -------------------
/opt/airflow/dags/hello_world_dag.py                           1           0  0.20s           2024-07-17T19:09:21
================================================================================
[2024-07-17T19:10:12.830+0000] {manager.py:854} INFO - 
================================================================================
DAG File Processing Stats

File Path                             PID    Runtime      # DAGs    # Errors  Last Runtime    Last Run
------------------------------------  -----  ---------  --------  ----------  --------------  -------------------
/opt/airflow/dags/hello_world_dag.py                           1           0  0.15s           2024-07-17T19:09:51
================================================================================
[2024-07-17T19:10:32.177+0000] {manager.py:726} INFO - Searching for files in /opt/airflow/dags
[2024-07-17T19:10:32.192+0000] {manager.py:729} INFO - There are 1 files in /opt/airflow/dags
[2024-07-17T19:10:43.369+0000] {manager.py:854} INFO - 
================================================================================
DAG File Processing Stats

File Path                             PID    Runtime      # DAGs    # Errors  Last Runtime    Last Run
------------------------------------  -----  ---------  --------  ----------  --------------  -------------------
/opt/airflow/dags/hello_world_dag.py                           1           0  0.16s           2024-07-17T19:10:22
================================================================================
[2024-07-17T19:11:13.863+0000] {manager.py:854} INFO - 
================================================================================
DAG File Processing Stats

File Path                             PID    Runtime      # DAGs    # Errors  Last Runtime    Last Run
------------------------------------  -----  ---------  --------  ----------  --------------  -------------------
/opt/airflow/dags/hello_world_dag.py                           1           0  0.19s           2024-07-17T19:10:52
================================================================================
[2024-07-17T19:11:44.321+0000] {manager.py:854} INFO - 
================================================================================
DAG File Processing Stats

File Path                             PID    Runtime      # DAGs    # Errors  Last Runtime    Last Run
------------------------------------  -----  ---------  --------  ----------  --------------  -------------------
/opt/airflow/dags/hello_world_dag.py                           1           0  0.15s           2024-07-17T19:11:23
================================================================================
[2024-07-17T19:12:14.734+0000] {manager.py:854} INFO - 
================================================================================
DAG File Processing Stats

File Path                             PID    Runtime      # DAGs    # Errors  Last Runtime    Last Run
------------------------------------  -----  ---------  --------  ----------  --------------  -------------------
/opt/airflow/dags/hello_world_dag.py                           1           0  0.15s           2024-07-17T19:11:53
================================================================================
[2024-07-17T19:12:45.221+0000] {manager.py:854} INFO - 
================================================================================
DAG File Processing Stats

File Path                             PID    Runtime      # DAGs    # Errors  Last Runtime    Last Run
------------------------------------  -----  ---------  --------  ----------  --------------  -------------------
/opt/airflow/dags/hello_world_dag.py                           1           0  0.16s           2024-07-17T19:12:24
================================================================================
[2024-07-17T19:13:15.697+0000] {manager.py:854} INFO - 
================================================================================
DAG File Processing Stats

File Path                             PID    Runtime      # DAGs    # Errors  Last Runtime    Last Run
------------------------------------  -----  ---------  --------  ----------  --------------  -------------------
/opt/airflow/dags/hello_world_dag.py                           1           0  0.17s           2024-07-17T19:12:54
================================================================================
[2024-07-17T19:13:46.183+0000] {manager.py:854} INFO - 
================================================================================
DAG File Processing Stats

File Path                             PID    Runtime      # DAGs    # Errors  Last Runtime    Last Run
------------------------------------  -----  ---------  --------  ----------  --------------  -------------------
/opt/airflow/dags/hello_world_dag.py                           1           0  0.16s           2024-07-17T19:13:24
================================================================================
[2024-07-17T19:14:16.632+0000] {manager.py:854} INFO - 
================================================================================
DAG File Processing Stats

File Path                             PID    Runtime      # DAGs    # Errors  Last Runtime    Last Run
------------------------------------  -----  ---------  --------  ----------  --------------  -------------------
/opt/airflow/dags/hello_world_dag.py                           1           0  0.16s           2024-07-17T19:13:55
================================================================================
[2024-07-17T19:14:47.174+0000] {manager.py:854} INFO - 
================================================================================
DAG File Processing Stats

File Path                             PID    Runtime      # DAGs    # Errors  Last Runtime    Last Run
------------------------------------  -----  ---------  --------  ----------  --------------  -------------------
/opt/airflow/dags/hello_world_dag.py                           1           0  0.16s           2024-07-17T19:14:25
================================================================================
[2024-07-17T19:15:17.626+0000] {manager.py:854} INFO - 
================================================================================
DAG File Processing Stats

File Path                             PID    Runtime      # DAGs    # Errors  Last Runtime    Last Run
------------------------------------  -----  ---------  --------  ----------  --------------  -------------------
/opt/airflow/dags/hello_world_dag.py                           1           0  0.16s           2024-07-17T19:14:56
================================================================================
[2024-07-17T19:15:32.867+0000] {manager.py:726} INFO - Searching for files in /opt/airflow/dags
[2024-07-17T19:15:32.875+0000] {manager.py:729} INFO - There are 1 files in /opt/airflow/dags
[2024-07-17T19:15:48.093+0000] {manager.py:854} INFO - 
================================================================================
DAG File Processing Stats

File Path                             PID    Runtime      # DAGs    # Errors  Last Runtime    Last Run
------------------------------------  -----  ---------  --------  ----------  --------------  -------------------
/opt/airflow/dags/hello_world_dag.py                           1           0  0.22s           2024-07-17T19:15:26
================================================================================
[2024-07-17T19:16:18.553+0000] {manager.py:854} INFO - 
================================================================================
DAG File Processing Stats

File Path                             PID    Runtime      # DAGs    # Errors  Last Runtime    Last Run
------------------------------------  -----  ---------  --------  ----------  --------------  -------------------
/opt/airflow/dags/hello_world_dag.py                           1           0  0.14s           2024-07-17T19:15:57
================================================================================
[2024-07-17T19:16:49.028+0000] {manager.py:854} INFO - 
================================================================================
DAG File Processing Stats

File Path                             PID    Runtime      # DAGs    # Errors  Last Runtime    Last Run
------------------------------------  -----  ---------  --------  ----------  --------------  -------------------
/opt/airflow/dags/hello_world_dag.py                           1           0  0.15s           2024-07-17T19:16:27
================================================================================
[2024-07-17T19:17:19.376+0000] {manager.py:854} INFO - 
================================================================================
DAG File Processing Stats

File Path                             PID    Runtime      # DAGs    # Errors  Last Runtime    Last Run
------------------------------------  -----  ---------  --------  ----------  --------------  -------------------
/opt/airflow/dags/hello_world_dag.py                           1           0  0.15s           2024-07-17T19:16:58
================================================================================
[2024-07-17T19:17:49.890+0000] {manager.py:854} INFO - 
================================================================================
DAG File Processing Stats

File Path                             PID    Runtime      # DAGs    # Errors  Last Runtime    Last Run
------------------------------------  -----  ---------  --------  ----------  --------------  -------------------
/opt/airflow/dags/hello_world_dag.py                           1           0  0.18s           2024-07-17T19:17:28
================================================================================
[2024-07-17T19:18:20.354+0000] {manager.py:854} INFO - 
================================================================================
DAG File Processing Stats

File Path                             PID    Runtime      # DAGs    # Errors  Last Runtime    Last Run
------------------------------------  -----  ---------  --------  ----------  --------------  -------------------
/opt/airflow/dags/hello_world_dag.py                           1           0  0.15s           2024-07-17T19:17:59
================================================================================
[2024-07-17T19:18:50.852+0000] {manager.py:854} INFO - 
================================================================================
DAG File Processing Stats

File Path                             PID    Runtime      # DAGs    # Errors  Last Runtime    Last Run
------------------------------------  -----  ---------  --------  ----------  --------------  -------------------
/opt/airflow/dags/hello_world_dag.py                           1           0  0.15s           2024-07-17T19:18:29
================================================================================
[2024-07-17T19:19:21.322+0000] {manager.py:854} INFO - 
================================================================================
DAG File Processing Stats

File Path                             PID    Runtime      # DAGs    # Errors  Last Runtime    Last Run
------------------------------------  -----  ---------  --------  ----------  --------------  -------------------
/opt/airflow/dags/hello_world_dag.py                           1           0  0.16s           2024-07-17T19:19:00
================================================================================
[2024-07-17T19:19:51.842+0000] {manager.py:854} INFO - 
================================================================================
DAG File Processing Stats

File Path                             PID    Runtime      # DAGs    # Errors  Last Runtime    Last Run
------------------------------------  -----  ---------  --------  ----------  --------------  -------------------
/opt/airflow/dags/hello_world_dag.py                           1           0  0.15s           2024-07-17T19:19:30
================================================================================
[2024-07-17T19:20:22.319+0000] {manager.py:854} INFO - 
================================================================================
DAG File Processing Stats

File Path                             PID    Runtime      # DAGs    # Errors  Last Runtime    Last Run
------------------------------------  -----  ---------  --------  ----------  --------------  -------------------
/opt/airflow/dags/hello_world_dag.py                           1           0  0.18s           2024-07-17T19:20:01
================================================================================
[2024-07-17T19:20:33.554+0000] {manager.py:726} INFO - Searching for files in /opt/airflow/dags
[2024-07-17T19:20:33.562+0000] {manager.py:729} INFO - There are 1 files in /opt/airflow/dags
[2024-07-17T19:20:52.879+0000] {manager.py:854} INFO - 
================================================================================
DAG File Processing Stats

File Path                             PID    Runtime      # DAGs    # Errors  Last Runtime    Last Run
------------------------------------  -----  ---------  --------  ----------  --------------  -------------------
/opt/airflow/dags/hello_world_dag.py                           1           0  0.15s           2024-07-17T19:20:31
================================================================================
[2024-07-17T19:21:23.358+0000] {manager.py:854} INFO - 
================================================================================
DAG File Processing Stats

File Path                             PID    Runtime      # DAGs    # Errors  Last Runtime    Last Run
------------------------------------  -----  ---------  --------  ----------  --------------  -------------------
/opt/airflow/dags/hello_world_dag.py                           1           0  0.16s           2024-07-17T19:21:02
================================================================================
[2024-07-17T19:21:53.840+0000] {manager.py:854} INFO - 
================================================================================
DAG File Processing Stats

File Path                             PID    Runtime      # DAGs    # Errors  Last Runtime    Last Run
------------------------------------  -----  ---------  --------  ----------  --------------  -------------------
/opt/airflow/dags/hello_world_dag.py                           1           0  0.15s           2024-07-17T19:21:32
================================================================================
[2024-07-17T19:22:24.255+0000] {manager.py:854} INFO - 
================================================================================
DAG File Processing Stats

File Path                             PID    Runtime      # DAGs    # Errors  Last Runtime    Last Run
------------------------------------  -----  ---------  --------  ----------  --------------  -------------------
/opt/airflow/dags/hello_world_dag.py                           1           0  0.15s           2024-07-17T19:22:03
================================================================================
[2024-07-17T19:22:54.655+0000] {manager.py:854} INFO - 
================================================================================
DAG File Processing Stats

File Path                             PID    Runtime      # DAGs    # Errors  Last Runtime    Last Run
------------------------------------  -----  ---------  --------  ----------  --------------  -------------------
/opt/airflow/dags/hello_world_dag.py                           1           0  0.15s           2024-07-17T19:22:33
================================================================================
[2024-07-17T19:23:25.091+0000] {manager.py:854} INFO - 
================================================================================
DAG File Processing Stats

File Path                             PID    Runtime      # DAGs    # Errors  Last Runtime    Last Run
------------------------------------  -----  ---------  --------  ----------  --------------  -------------------
/opt/airflow/dags/hello_world_dag.py                           1           0  0.15s           2024-07-17T19:23:03
================================================================================
[2024-07-17T19:23:55.503+0000] {manager.py:854} INFO - 
================================================================================
DAG File Processing Stats

File Path                             PID    Runtime      # DAGs    # Errors  Last Runtime    Last Run
------------------------------------  -----  ---------  --------  ----------  --------------  -------------------
/opt/airflow/dags/hello_world_dag.py                           1           0  0.17s           2024-07-17T19:23:34
================================================================================
[2024-07-17T19:24:26.050+0000] {manager.py:854} INFO - 
================================================================================
DAG File Processing Stats

File Path                             PID    Runtime      # DAGs    # Errors  Last Runtime    Last Run
------------------------------------  -----  ---------  --------  ----------  --------------  -------------------
/opt/airflow/dags/hello_world_dag.py                           1           0  0.16s           2024-07-17T19:24:04
================================================================================
[2024-07-17T19:24:56.456+0000] {manager.py:854} INFO - 
================================================================================
DAG File Processing Stats

File Path                             PID    Runtime      # DAGs    # Errors  Last Runtime    Last Run
------------------------------------  -----  ---------  --------  ----------  --------------  -------------------
/opt/airflow/dags/hello_world_dag.py                           1           0  0.14s           2024-07-17T19:24:35
================================================================================
[2024-07-17T19:25:26.950+0000] {manager.py:854} INFO - 
================================================================================
DAG File Processing Stats

File Path                             PID    Runtime      # DAGs    # Errors  Last Runtime    Last Run
------------------------------------  -----  ---------  --------  ----------  --------------  -------------------
/opt/airflow/dags/hello_world_dag.py                           1           0  0.15s           2024-07-17T19:25:05
================================================================================
[2024-07-17T19:25:34.058+0000] {manager.py:726} INFO - Searching for files in /opt/airflow/dags
[2024-07-17T19:25:34.069+0000] {manager.py:729} INFO - There are 1 files in /opt/airflow/dags
[2024-07-17T19:25:57.487+0000] {manager.py:854} INFO - 
================================================================================
DAG File Processing Stats

File Path                             PID    Runtime      # DAGs    # Errors  Last Runtime    Last Run
------------------------------------  -----  ---------  --------  ----------  --------------  -------------------
/opt/airflow/dags/hello_world_dag.py                           1           0  0.15s           2024-07-17T19:25:36
================================================================================
[2024-07-17T19:26:27.938+0000] {manager.py:854} INFO - 
================================================================================
DAG File Processing Stats

File Path                             PID    Runtime      # DAGs    # Errors  Last Runtime    Last Run
------------------------------------  -----  ---------  --------  ----------  --------------  -------------------
/opt/airflow/dags/hello_world_dag.py                           1           0  0.16s           2024-07-17T19:26:06
================================================================================
[2024-07-17T19:26:58.478+0000] {manager.py:854} INFO - 
================================================================================
DAG File Processing Stats

File Path                             PID    Runtime      # DAGs    # Errors  Last Runtime    Last Run
------------------------------------  -----  ---------  --------  ----------  --------------  -------------------
/opt/airflow/dags/hello_world_dag.py                           1           0  0.15s           2024-07-17T19:26:37
================================================================================
[2024-07-17T19:27:28.993+0000] {manager.py:854} INFO - 
================================================================================
DAG File Processing Stats

File Path                             PID    Runtime      # DAGs    # Errors  Last Runtime    Last Run
------------------------------------  -----  ---------  --------  ----------  --------------  -------------------
/opt/airflow/dags/hello_world_dag.py                           1           0  0.16s           2024-07-17T19:27:07
================================================================================
[2024-07-17T19:27:59.451+0000] {manager.py:854} INFO - 
================================================================================
DAG File Processing Stats

File Path                             PID    Runtime      # DAGs    # Errors  Last Runtime    Last Run
------------------------------------  -----  ---------  --------  ----------  --------------  -------------------
/opt/airflow/dags/hello_world_dag.py                           1           0  0.15s           2024-07-17T19:27:38
================================================================================
[2024-07-17T19:28:29.853+0000] {manager.py:854} INFO - 
================================================================================
DAG File Processing Stats

File Path                             PID    Runtime      # DAGs    # Errors  Last Runtime    Last Run
------------------------------------  -----  ---------  --------  ----------  --------------  -------------------
/opt/airflow/dags/hello_world_dag.py                           1           0  0.15s           2024-07-17T19:28:08
================================================================================
[2024-07-17T19:29:00.347+0000] {manager.py:854} INFO - 
================================================================================
DAG File Processing Stats

File Path                             PID    Runtime      # DAGs    # Errors  Last Runtime    Last Run
------------------------------------  -----  ---------  --------  ----------  --------------  -------------------
/opt/airflow/dags/hello_world_dag.py                           1           0  0.15s           2024-07-17T19:28:39
================================================================================
[2024-07-17T19:29:30.716+0000] {manager.py:854} INFO - 
================================================================================
DAG File Processing Stats

File Path                             PID    Runtime      # DAGs    # Errors  Last Runtime    Last Run
------------------------------------  -----  ---------  --------  ----------  --------------  -------------------
/opt/airflow/dags/hello_world_dag.py                           1           0  0.15s           2024-07-17T19:29:09
================================================================================
[2024-07-17T19:30:01.225+0000] {manager.py:854} INFO - 
================================================================================
DAG File Processing Stats

File Path                             PID    Runtime      # DAGs    # Errors  Last Runtime    Last Run
------------------------------------  -----  ---------  --------  ----------  --------------  -------------------
/opt/airflow/dags/hello_world_dag.py                           1           0  0.22s           2024-07-17T19:29:40
================================================================================
[2024-07-17T19:30:31.841+0000] {manager.py:854} INFO - 
================================================================================
DAG File Processing Stats

File Path                             PID    Runtime      # DAGs    # Errors  Last Runtime    Last Run
------------------------------------  -----  ---------  --------  ----------  --------------  -------------------
/opt/airflow/dags/hello_world_dag.py                           1           0  0.14s           2024-07-17T19:30:10
================================================================================
[2024-07-17T19:30:34.890+0000] {manager.py:726} INFO - Searching for files in /opt/airflow/dags
[2024-07-17T19:30:34.898+0000] {manager.py:729} INFO - There are 1 files in /opt/airflow/dags
[2024-07-17T19:31:02.359+0000] {manager.py:854} INFO - 
================================================================================
DAG File Processing Stats

File Path                             PID    Runtime      # DAGs    # Errors  Last Runtime    Last Run
------------------------------------  -----  ---------  --------  ----------  --------------  -------------------
/opt/airflow/dags/hello_world_dag.py                           1           0  0.17s           2024-07-17T19:30:41
================================================================================
[2024-07-17T19:31:32.841+0000] {manager.py:854} INFO - 
================================================================================
DAG File Processing Stats

File Path                             PID    Runtime      # DAGs    # Errors  Last Runtime    Last Run
------------------------------------  -----  ---------  --------  ----------  --------------  -------------------
/opt/airflow/dags/hello_world_dag.py                           1           0  0.18s           2024-07-17T19:31:11
================================================================================
[2024-07-17T19:32:03.413+0000] {manager.py:854} INFO - 
================================================================================
DAG File Processing Stats

File Path                             PID    Runtime      # DAGs    # Errors  Last Runtime    Last Run
------------------------------------  -----  ---------  --------  ----------  --------------  -------------------
/opt/airflow/dags/hello_world_dag.py                           1           0  0.19s           2024-07-17T19:31:42
================================================================================
[2024-07-17T19:32:33.899+0000] {manager.py:854} INFO - 
================================================================================
DAG File Processing Stats

File Path                             PID    Runtime      # DAGs    # Errors  Last Runtime    Last Run
------------------------------------  -----  ---------  --------  ----------  --------------  -------------------
/opt/airflow/dags/hello_world_dag.py                           1           0  0.15s           2024-07-17T19:32:12
================================================================================
[2024-07-17T19:33:04.408+0000] {manager.py:854} INFO - 
================================================================================
DAG File Processing Stats

File Path                             PID    Runtime      # DAGs    # Errors  Last Runtime    Last Run
------------------------------------  -----  ---------  --------  ----------  --------------  -------------------
/opt/airflow/dags/hello_world_dag.py                           1           0  0.19s           2024-07-17T19:32:43
================================================================================
[2024-07-17T19:33:34.849+0000] {manager.py:854} INFO - 
================================================================================
DAG File Processing Stats

File Path                             PID    Runtime      # DAGs    # Errors  Last Runtime    Last Run
------------------------------------  -----  ---------  --------  ----------  --------------  -------------------
/opt/airflow/dags/hello_world_dag.py                           1           0  0.15s           2024-07-17T19:33:13
================================================================================
[2024-07-17T19:34:05.352+0000] {manager.py:854} INFO - 
================================================================================
DAG File Processing Stats

File Path                             PID    Runtime      # DAGs    # Errors  Last Runtime    Last Run
------------------------------------  -----  ---------  --------  ----------  --------------  -------------------
/opt/airflow/dags/hello_world_dag.py                           1           0  0.15s           2024-07-17T19:33:44
================================================================================
[2024-07-17T19:34:35.793+0000] {manager.py:854} INFO - 
================================================================================
DAG File Processing Stats

File Path                             PID    Runtime      # DAGs    # Errors  Last Runtime    Last Run
------------------------------------  -----  ---------  --------  ----------  --------------  -------------------
/opt/airflow/dags/hello_world_dag.py                           1           0  0.17s           2024-07-17T19:34:14
================================================================================
[2024-07-17T19:35:06.207+0000] {manager.py:854} INFO - 
================================================================================
DAG File Processing Stats

File Path                             PID    Runtime      # DAGs    # Errors  Last Runtime    Last Run
------------------------------------  -----  ---------  --------  ----------  --------------  -------------------
/opt/airflow/dags/hello_world_dag.py                           1           0  0.15s           2024-07-17T19:34:45
================================================================================
[2024-07-17T19:35:35.688+0000] {manager.py:726} INFO - Searching for files in /opt/airflow/dags
[2024-07-17T19:35:35.702+0000] {manager.py:729} INFO - There are 1 files in /opt/airflow/dags
[2024-07-17T19:35:36.729+0000] {manager.py:854} INFO - 
================================================================================
DAG File Processing Stats

File Path                             PID    Runtime      # DAGs    # Errors  Last Runtime    Last Run
------------------------------------  -----  ---------  --------  ----------  --------------  -------------------
/opt/airflow/dags/hello_world_dag.py                           1           0  0.20s           2024-07-17T19:35:15
================================================================================
[2024-07-17T19:36:07.207+0000] {manager.py:854} INFO - 
================================================================================
DAG File Processing Stats

File Path                             PID    Runtime      # DAGs    # Errors  Last Runtime    Last Run
------------------------------------  -----  ---------  --------  ----------  --------------  -------------------
/opt/airflow/dags/hello_world_dag.py                           1           0  0.16s           2024-07-17T19:35:46
================================================================================
[2024-07-17T19:36:37.591+0000] {manager.py:854} INFO - 
================================================================================
DAG File Processing Stats

File Path                             PID    Runtime      # DAGs    # Errors  Last Runtime    Last Run
------------------------------------  -----  ---------  --------  ----------  --------------  -------------------
/opt/airflow/dags/hello_world_dag.py                           1           0  0.17s           2024-07-17T19:36:16
================================================================================
[2024-07-17T19:37:07.979+0000] {manager.py:854} INFO - 
================================================================================
DAG File Processing Stats

File Path                             PID    Runtime      # DAGs    # Errors  Last Runtime    Last Run
------------------------------------  -----  ---------  --------  ----------  --------------  -------------------
/opt/airflow/dags/hello_world_dag.py                           1           0  0.17s           2024-07-17T19:36:46
================================================================================
[2024-07-17T19:37:38.480+0000] {manager.py:854} INFO - 
================================================================================
DAG File Processing Stats

File Path                             PID    Runtime      # DAGs    # Errors  Last Runtime    Last Run
------------------------------------  -----  ---------  --------  ----------  --------------  -------------------
/opt/airflow/dags/hello_world_dag.py                           1           0  0.17s           2024-07-17T19:37:17
================================================================================
[2024-07-17T19:38:08.870+0000] {manager.py:854} INFO - 
================================================================================
DAG File Processing Stats

File Path                             PID    Runtime      # DAGs    # Errors  Last Runtime    Last Run
------------------------------------  -----  ---------  --------  ----------  --------------  -------------------
/opt/airflow/dags/hello_world_dag.py                           1           0  0.13s           2024-07-17T19:37:47
================================================================================
[2024-07-17T19:38:39.300+0000] {manager.py:854} INFO - 
================================================================================
DAG File Processing Stats

File Path                             PID    Runtime      # DAGs    # Errors  Last Runtime    Last Run
------------------------------------  -----  ---------  --------  ----------  --------------  -------------------
/opt/airflow/dags/hello_world_dag.py                           1           0  0.17s           2024-07-17T19:38:18
================================================================================
[2024-07-17T19:39:09.833+0000] {manager.py:854} INFO - 
================================================================================
DAG File Processing Stats

File Path                             PID    Runtime      # DAGs    # Errors  Last Runtime    Last Run
------------------------------------  -----  ---------  --------  ----------  --------------  -------------------
/opt/airflow/dags/hello_world_dag.py                           1           0  0.21s           2024-07-17T19:38:48
================================================================================
[2024-07-17T19:39:40.305+0000] {manager.py:854} INFO - 
================================================================================
DAG File Processing Stats

File Path                             PID    Runtime      # DAGs    # Errors  Last Runtime    Last Run
------------------------------------  -----  ---------  --------  ----------  --------------  -------------------
/opt/airflow/dags/hello_world_dag.py                           1           0  0.26s           2024-07-17T19:39:19
================================================================================
[2024-07-17T19:40:10.871+0000] {manager.py:854} INFO - 
================================================================================
DAG File Processing Stats

File Path                             PID    Runtime      # DAGs    # Errors  Last Runtime    Last Run
------------------------------------  -----  ---------  --------  ----------  --------------  -------------------
/opt/airflow/dags/hello_world_dag.py                           1           0  0.17s           2024-07-17T19:39:49
================================================================================
[2024-07-17T19:40:36.235+0000] {manager.py:726} INFO - Searching for files in /opt/airflow/dags
[2024-07-17T19:40:36.243+0000] {manager.py:729} INFO - There are 1 files in /opt/airflow/dags
[2024-07-17T19:40:41.318+0000] {manager.py:854} INFO - 
================================================================================
DAG File Processing Stats

File Path                             PID    Runtime      # DAGs    # Errors  Last Runtime    Last Run
------------------------------------  -----  ---------  --------  ----------  --------------  -------------------
/opt/airflow/dags/hello_world_dag.py                           1           0  0.20s           2024-07-17T19:40:20
================================================================================
[2024-07-17T19:41:11.731+0000] {manager.py:854} INFO - 
================================================================================
DAG File Processing Stats

File Path                             PID    Runtime      # DAGs    # Errors  Last Runtime    Last Run
------------------------------------  -----  ---------  --------  ----------  --------------  -------------------
/opt/airflow/dags/hello_world_dag.py                           1           0  0.19s           2024-07-17T19:40:50
================================================================================
[2024-07-17T19:41:42.180+0000] {manager.py:854} INFO - 
================================================================================
DAG File Processing Stats

File Path                             PID    Runtime      # DAGs    # Errors  Last Runtime    Last Run
------------------------------------  -----  ---------  --------  ----------  --------------  -------------------
/opt/airflow/dags/hello_world_dag.py                           1           0  0.18s           2024-07-17T19:41:21
================================================================================
[2024-07-17T19:42:12.575+0000] {manager.py:854} INFO - 
================================================================================
DAG File Processing Stats

File Path                             PID    Runtime      # DAGs    # Errors  Last Runtime    Last Run
------------------------------------  -----  ---------  --------  ----------  --------------  -------------------
/opt/airflow/dags/hello_world_dag.py                           1           0  0.14s           2024-07-17T19:41:51
================================================================================
[2024-07-17T19:42:42.965+0000] {manager.py:854} INFO - 
================================================================================
DAG File Processing Stats

File Path                             PID    Runtime      # DAGs    # Errors  Last Runtime    Last Run
------------------------------------  -----  ---------  --------  ----------  --------------  -------------------
/opt/airflow/dags/hello_world_dag.py                           1           0  0.15s           2024-07-17T19:42:21
================================================================================
[2024-07-17T19:43:13.373+0000] {manager.py:854} INFO - 
================================================================================
DAG File Processing Stats

File Path                             PID    Runtime      # DAGs    # Errors  Last Runtime    Last Run
------------------------------------  -----  ---------  --------  ----------  --------------  -------------------
/opt/airflow/dags/hello_world_dag.py                           1           0  0.15s           2024-07-17T19:42:52
================================================================================
[2024-07-17T19:43:43.852+0000] {manager.py:854} INFO - 
================================================================================
DAG File Processing Stats

File Path                             PID    Runtime      # DAGs    # Errors  Last Runtime    Last Run
------------------------------------  -----  ---------  --------  ----------  --------------  -------------------
/opt/airflow/dags/hello_world_dag.py                           1           0  0.18s           2024-07-17T19:43:22
================================================================================
[2024-07-17T19:44:14.246+0000] {manager.py:854} INFO - 
================================================================================
DAG File Processing Stats

File Path                             PID    Runtime      # DAGs    # Errors  Last Runtime    Last Run
------------------------------------  -----  ---------  --------  ----------  --------------  -------------------
/opt/airflow/dags/hello_world_dag.py                           1           0  0.17s           2024-07-17T19:43:53
================================================================================
[2024-07-17T19:44:44.745+0000] {manager.py:854} INFO - 
================================================================================
DAG File Processing Stats

File Path                             PID    Runtime      # DAGs    # Errors  Last Runtime    Last Run
------------------------------------  -----  ---------  --------  ----------  --------------  -------------------
/opt/airflow/dags/hello_world_dag.py                           1           0  0.17s           2024-07-17T19:44:23
================================================================================
[2024-07-17T19:45:15.190+0000] {manager.py:854} INFO - 
================================================================================
DAG File Processing Stats

File Path                             PID    Runtime      # DAGs    # Errors  Last Runtime    Last Run
------------------------------------  -----  ---------  --------  ----------  --------------  -------------------
/opt/airflow/dags/hello_world_dag.py                           1           0  0.16s           2024-07-17T19:44:54
================================================================================
[2024-07-17T19:45:36.559+0000] {manager.py:726} INFO - Searching for files in /opt/airflow/dags
[2024-07-17T19:45:36.573+0000] {manager.py:729} INFO - There are 1 files in /opt/airflow/dags
[2024-07-17T19:45:45.708+0000] {manager.py:854} INFO - 
================================================================================
DAG File Processing Stats

File Path                             PID    Runtime      # DAGs    # Errors  Last Runtime    Last Run
------------------------------------  -----  ---------  --------  ----------  --------------  -------------------
/opt/airflow/dags/hello_world_dag.py                           1           0  0.16s           2024-07-17T19:45:24
================================================================================
[2024-07-17T19:46:16.166+0000] {manager.py:854} INFO - 
================================================================================
DAG File Processing Stats

File Path                             PID    Runtime      # DAGs    # Errors  Last Runtime    Last Run
------------------------------------  -----  ---------  --------  ----------  --------------  -------------------
/opt/airflow/dags/hello_world_dag.py                           1           0  0.18s           2024-07-17T19:45:55
================================================================================
[2024-07-17T19:46:46.685+0000] {manager.py:854} INFO - 
================================================================================
DAG File Processing Stats

File Path                             PID    Runtime      # DAGs    # Errors  Last Runtime    Last Run
------------------------------------  -----  ---------  --------  ----------  --------------  -------------------
/opt/airflow/dags/hello_world_dag.py                           1           0  0.18s           2024-07-17T19:46:25
================================================================================
[2024-07-17T19:47:17.125+0000] {manager.py:854} INFO - 
================================================================================
DAG File Processing Stats

File Path                             PID    Runtime      # DAGs    # Errors  Last Runtime    Last Run
------------------------------------  -----  ---------  --------  ----------  --------------  -------------------
/opt/airflow/dags/hello_world_dag.py                           1           0  0.16s           2024-07-17T19:46:55
================================================================================
[2024-07-17T19:47:47.557+0000] {manager.py:854} INFO - 
================================================================================
DAG File Processing Stats

File Path                             PID    Runtime      # DAGs    # Errors  Last Runtime    Last Run
------------------------------------  -----  ---------  --------  ----------  --------------  -------------------
/opt/airflow/dags/hello_world_dag.py                           1           0  0.17s           2024-07-17T19:47:26
================================================================================
[2024-07-17T19:48:17.975+0000] {manager.py:854} INFO - 
================================================================================
DAG File Processing Stats

File Path                             PID    Runtime      # DAGs    # Errors  Last Runtime    Last Run
------------------------------------  -----  ---------  --------  ----------  --------------  -------------------
/opt/airflow/dags/hello_world_dag.py                           1           0  0.16s           2024-07-17T19:47:56
================================================================================
[2024-07-17T19:48:48.346+0000] {manager.py:854} INFO - 
================================================================================
DAG File Processing Stats

File Path                             PID    Runtime      # DAGs    # Errors  Last Runtime    Last Run
------------------------------------  -----  ---------  --------  ----------  --------------  -------------------
/opt/airflow/dags/hello_world_dag.py                           1           0  0.20s           2024-07-17T19:48:27
================================================================================
[2024-07-17T19:49:18.851+0000] {manager.py:854} INFO - 
================================================================================
DAG File Processing Stats

File Path                             PID    Runtime      # DAGs    # Errors  Last Runtime    Last Run
------------------------------------  -----  ---------  --------  ----------  --------------  -------------------
/opt/airflow/dags/hello_world_dag.py                           1           0  0.21s           2024-07-17T19:48:57
================================================================================
[2024-07-17T19:49:49.277+0000] {manager.py:854} INFO - 
================================================================================
DAG File Processing Stats

File Path                             PID    Runtime      # DAGs    # Errors  Last Runtime    Last Run
------------------------------------  -----  ---------  --------  ----------  --------------  -------------------
/opt/airflow/dags/hello_world_dag.py                           1           0  0.19s           2024-07-17T19:49:28
================================================================================
[2024-07-17T19:50:19.755+0000] {manager.py:854} INFO - 
================================================================================
DAG File Processing Stats

File Path                             PID    Runtime      # DAGs    # Errors  Last Runtime    Last Run
------------------------------------  -----  ---------  --------  ----------  --------------  -------------------
/opt/airflow/dags/hello_world_dag.py                           1           0  0.14s           2024-07-17T19:49:58
================================================================================
